sending incremental file list
./
assets/
assets/css/
assets/images/
assets/images/ditte/
assets/images/loghi/
assets/js/
assets/js/arcaJS/
assets/js/arcaJS/artLib.js
assets/js/bootstrap/
assets/js/jQuery/
assets/other/
config/
esp/
esp/05_edit.gif
esp/_pl_pesi.php
esp/ask.php
esp/ask_pl_edit.php
esp/askcp.php
esp/askdb.php
esp/askid.php
esp/asklp.php
esp/askpl-banc-rep.php
esp/askpl-banc.php
esp/askubicx.php
esp/b_deltbl.png
esp/b_drop.png
esp/b_home.gif
esp/b_home.png
esp/b_nextpage.gif
esp/b_nextpage.png
esp/b_prevpage.gif
esp/b_prevpage.png
esp/b_props.gif
esp/b_props.png
esp/b_search.gif
esp/b_search.png
esp/cancella-tutto.php
esp/cancellasparati.php
esp/chknumber.js
esp/colli.php
esp/controllo.php
esp/creaoi.php
esp/csspopup.js
esp/dbedit.js
esp/del-inventario.php
esp/delete.php
esp/delpick.php
esp/enter.php
esp/esplodi.php
esp/gestione.php
esp/getCodForx.php
esp/getIdDoc.php
esp/getInvDetailArt.php
esp/getMaga.php
esp/getMagax.php
esp/getPLdetailReparto.php
esp/getPLtoBO.php
esp/getPLtotReparto.php
esp/getbancfree.php
esp/getcodicearti.php
esp/getcodiceartix.php
esp/getcodiceartixx.php
esp/getcollix.php
esp/getcollofree.php
esp/getdoc.php
esp/getdocbynum.php
esp/getfordoc.php
esp/getgiacartix.php
esp/getinv.php
esp/getinvx.php
esp/getpeso.php
esp/getrigadoc.php
esp/getrigadocx.php
esp/getubicazione.php
esp/index-pc.php
esp/index-pl.php
esp/index-util.php
esp/index.php
esp/invDelCart.php
esp/invTable.php
esp/invTable_2016.php
esp/inv_getqta.php
esp/inv_riepilogo.php
esp/inv_setqta.php
esp/inv_setqta_old.php
esp/inv_unlock.php
esp/inv_xls.php
esp/inventario.php
esp/lista.php
esp/listaart.php
esp/login.php
esp/logo.jpg
esp/pl-apdImb.php
esp/pl-art-write.php
esp/pl-banc-size.php
esp/pl-banc-write.php
esp/pl-banc.php
esp/pl-delcolli.php
esp/pl-delrow.php
esp/pl-edit.php
esp/pl-gestcolli.php
esp/pl-newBanc.php
esp/pl-newCollo.php
esp/pl-ready.php
esp/pl-ready2.php
esp/pl-reset.php
esp/pl-resetriga.php
esp/pl_01_ask.php
esp/pl_02_resp.php
esp/pl_03_write.php
esp/pl_04_imb.php
esp/pl_05_wrImb.php
esp/pl_06_selPrt.php
esp/pl_07_print.php
esp/reprint-banc-select.php
esp/reprint-banc.php
esp/reprint-pl-select.php
esp/reprint-pl.php
esp/response-lp.php
esp/response-ole.php
esp/rigadoc-cancella.php
esp/righe-art.php
esp/righe-lista.php
esp/righe00.php
esp/scrivicolli.php
esp/select_lib.js
esp/setInvWarn.php
esp/sparati.php
esp/start.php
esp/start_rep.php
esp/test-date.php
esp/testUbicaz.php
esp/testa00.php
esp/testadoc-cancella.php
esp/testadoc-gestione.php
esp/testadoc-lista.php
esp/testadocfor-lista.php
esp/wip.jpg
esp/write-lp.php
esp/writeetich.php
esp/writepick.php
esp/writeubicazione.php
esp/xml2inv.php
esp/xmlinv_base.php
esp/_old/
esp/_old/_askdelpl.php
esp/_old/_askdelrigapl.php
esp/_old/askpl.php
esp/_old/getCodForx.php
esp/_old/getIdDoc.php
esp/_old/getInvDetailArt.php
esp/_old/getMagax.php
esp/_old/getPLdetailReparto.php
esp/_old/getPLtoBO.php
esp/_old/getPLtotReparto.php
esp/_old/getbancfree.php
esp/_old/getcodicearti.php
esp/_old/getcodiceartix.php
esp/_old/getcodiceartix.php.bak
esp/_old/getcodiceartixx.php
esp/_old/getcollix.php
esp/_old/getcollofree.php
esp/_old/getdoc.php
esp/_old/getfordoc.php
esp/_old/getgiacartix.php
esp/_old/getgiacartix.php.bak
esp/_old/getinv.php
esp/_old/getinvx.php
esp/_old/getrigadoc.php
esp/_old/getrigadocx.php
esp/_old/getubicazione.php
esp/_old/header2.php
esp/_old/odbcsocketserverobj.php
esp/_old/odbcsocketserverobj_BAK.php.bak
esp/_old/phpinfo.php
esp/_old/pl-imb.php
esp/_old/pl-imb.php.bak
esp/_old/pl-print.php
esp/_old/pl-print.php.bak
esp/_old/pl-selectprt.php
esp/_old/pl-selectprt.php.bak
esp/_old/pl-split.php
esp/_old/response-pl.php
esp/_old/response-pl.php.bak
esp/_old/write-imb.php
esp/_old/write-imb.php.bak
esp/_old/write-pl.php
esp/_old/write-pl.php.bak
esp/_old/writeuser.php
libs/
libs/arcaRestAPI.php
libs/commonUtils.php
libs/odbcSocket/
libs/odbcSocket/odbcSocketObj.php
libs/odbcSocket/odbcSocketObj_.php
models/
rSync/
rSync/rsync-3.1.2-2-x86_64.pkg.tar.xz
rSync/deploy/
rSync/deploy/172.16.9.39/
rSync/deploy/172.16.9.39/exclude.txt
rSync/deploy/172.16.9.39/sync.sh
rSync/deploy/172.16.9.39/log/
rSync/deploy/172.16.9.39/log/backup20190502104555.log
rSync/deploy/172.16.9.39/log/backup20190502105609.log
rSync/deploy/172.16.9.39/log/backup20190502105617.log
rSync/deploy/172.16.9.39/log/backup20190502105626.log
rSync/deploy/172.16.9.39/log/backup20190502105653.log
rSync/deploy/172.16.9.39/log/backup20190502110325.log
rSync/deploy/172.16.9.39/log/backup20190502110350.log
src/
src/_layouts/
src/ajaxUtils/
src/artDetail/
src/menus/
src/plMake/
wip/
wip/Thumbs.db
wip/UnderCostruction.html
wip/favicon.ico
wip/images/
wip/images/b_home.png
wip/images/bg.png
wip/images/divider.png
wip/images/social.png
wip/js/
wip/js/Copse_400.font.js
wip/js/Gabriola_400.font.js
wip/js/cufon-yui.js
wip/js/jquery.js
wip/tools/
wip/tools/960.css
wip/tools/sifr.css
wip/tools/style.css

sent 1,276,624 bytes  received 4,411 bytes  150,710.00 bytes/sec
total size is 6,390,236  speedup is 4.99
