sending incremental file list
kMag2/
kMag2/askpl-common.php
kMag2/index.php
kMag2/assets/
kMag2/assets/css/
kMag2/assets/css/bootstrap.min.css
kMag2/assets/css/style.css
kMag2/assets/css/style_pc.css
kMag2/assets/images/
kMag2/assets/images/05_edit.gif
kMag2/assets/images/10_pdf.gif
kMag2/assets/images/Thumbs.db
kMag2/assets/images/accept.png
kMag2/assets/images/arca.gif
kMag2/assets/images/asc.gif
kMag2/assets/images/b_deltbl.png
kMag2/assets/images/b_drop.png
kMag2/assets/images/b_home.gif
kMag2/assets/images/b_home.png
kMag2/assets/images/b_nextpage.gif
kMag2/assets/images/b_nextpage.png
kMag2/assets/images/b_prevpage.gif
kMag2/assets/images/b_prevpage.png
kMag2/assets/images/b_props.gif
kMag2/assets/images/b_props.png
kMag2/assets/images/b_search.gif
kMag2/assets/images/b_search.png
kMag2/assets/images/bcreader.gif
kMag2/assets/images/bg.gif
kMag2/assets/images/box.ico
kMag2/assets/images/browserany.gif
kMag2/assets/images/ce_logo.jpg
kMag2/assets/images/delete.png
kMag2/assets/images/desc.gif
kMag2/assets/images/download.gif
kMag2/assets/images/download.png
kMag2/assets/images/error.png
kMag2/assets/images/fi-refresh.gif
kMag2/assets/images/fi-refresh.png
kMag2/assets/images/fi-results.gif
kMag2/assets/images/fi-results.png
kMag2/assets/images/help.gif
kMag2/assets/images/krona.jpg
kMag2/assets/images/lock.png
kMag2/assets/images/mfe_green.png
kMag2/assets/images/modify.png
kMag2/assets/images/pallet-icon.gif
kMag2/assets/images/printer.png
kMag2/assets/images/redFlag.gif
kMag2/assets/images/semaforoRosso.gif
kMag2/assets/images/semaforoRosso.png
kMag2/assets/images/semaforoVerde.png
kMag2/assets/images/stop.gif
kMag2/assets/images/trash.png
kMag2/assets/images/ditte/
kMag2/assets/images/ditte/francia.jpg
kMag2/assets/images/ditte/germania.jpg
kMag2/assets/images/ditte/italia.jpg
kMag2/assets/images/ditte/spagna.jpg
kMag2/assets/images/loghi/
kMag2/assets/images/loghi/Ce-logo.jpg
kMag2/assets/images/loghi/Euro.bmp
kMag2/assets/images/loghi/Euro.jpg
kMag2/assets/images/loghi/HAFELE.JPG
kMag2/assets/images/loghi/LOGO-FIME.JPG
kMag2/assets/images/loghi/LOGO-KRONA.JPG
kMag2/assets/images/loghi/LOGO-PIVATO.JPG
kMag2/assets/images/loghi/LOGO-PIVATO2.JPG
kMag2/assets/images/loghi/LOGO-VUOTO.jpg
kMag2/assets/images/loghi/LOGO-WURTH.JPG
kMag2/assets/images/loghi/Pivato_logo.jpg
kMag2/assets/images/loghi/emblem_package.jpg
kMag2/assets/images/loghi/emblem_package.png
kMag2/assets/images/loghi/logo-kk-colori-ridotto.jpg
kMag2/assets/images/loghi/logo_fime.gif
kMag2/assets/images/loghi/logo_fime.jpg
kMag2/assets/images/loghi/logo_wurth.jpg
kMag2/assets/js/
kMag2/assets/js/ajaxlib.js
kMag2/assets/js/commonUtils.js
kMag2/assets/js/inventario-utils.js
kMag2/assets/js/inventario-utils_bak.js
kMag2/assets/js/pl-imb-util.js
kMag2/assets/js/pl_pc_utils.js
kMag2/assets/js/reprint-pl-select.js
kMag2/assets/js/response-pl-utils.js
kMag2/assets/js/tableFilter.js
kMag2/assets/js/arcaJS/
kMag2/assets/js/arcaJS/artLib.js
kMag2/assets/js/arcaJS/pickingLib.js
kMag2/assets/js/arcaJS/plLib.js
kMag2/assets/js/arcaJS/printLib.js
kMag2/assets/js/bootstrap/
kMag2/assets/js/bootstrap/bootbox.min.js
kMag2/assets/js/bootstrap/bootstrap.min.js
kMag2/assets/js/jQuery/
kMag2/assets/js/jQuery/jquery-1.10.2.min.js
kMag2/assets/js/jQuery/jquery.tablesorter.min.js
kMag2/assets/js/jQuery/jquery.ui.accordion.min.js
kMag2/assets/js/jQuery/jquery.ui.core.min.js
kMag2/assets/js/jQuery/jquery.ui.widget.min.js
kMag2/assets/other/
kMag2/assets/other/DataWedge.CAB
kMag2/assets/other/ts.apk
kMag2/assets/other/vnc_server.zip
kMag2/assets/other/zip.exe
kMag2/config/
kMag2/config/global_config.php
kMag2/config/odbcSocket.php
kMag2/esp/
kMag2/esp/05_edit.gif
kMag2/esp/_pl_pesi.php
kMag2/esp/ask.php
kMag2/esp/ask_pl_edit.php
kMag2/esp/askcp.php
kMag2/esp/askdb.php
kMag2/esp/askid.php
kMag2/esp/asklp.php
kMag2/esp/askpl-banc-rep.php
kMag2/esp/askpl-banc.php
kMag2/esp/askubicx.php
kMag2/esp/b_deltbl.png
kMag2/esp/b_drop.png
kMag2/esp/b_home.gif
kMag2/esp/b_home.png
kMag2/esp/b_nextpage.gif
kMag2/esp/b_nextpage.png
kMag2/esp/b_prevpage.gif
kMag2/esp/b_prevpage.png
kMag2/esp/b_props.gif
kMag2/esp/b_props.png
kMag2/esp/b_search.gif
kMag2/esp/b_search.png
kMag2/esp/cancella-tutto.php
kMag2/esp/cancellasparati.php
kMag2/esp/chknumber.js
kMag2/esp/colli.php
kMag2/esp/controllo.php
kMag2/esp/creaoi.php
kMag2/esp/csspopup.js
kMag2/esp/dbedit.js
kMag2/esp/del-inventario.php
kMag2/esp/delete.php
kMag2/esp/delpick.php
kMag2/esp/enter.php
kMag2/esp/esplodi.php
kMag2/esp/gestione.php
kMag2/esp/getCodForx.php
kMag2/esp/getIdDoc.php
kMag2/esp/getInvDetailArt.php
kMag2/esp/getMaga.php
kMag2/esp/getMagax.php
kMag2/esp/getPLdetailReparto.php
kMag2/esp/getPLtoBO.php
kMag2/esp/getPLtotReparto.php
kMag2/esp/getbancfree.php
kMag2/esp/getcodicearti.php
kMag2/esp/getcodiceartix.php
kMag2/esp/getcodiceartixx.php
kMag2/esp/getcollix.php
kMag2/esp/getcollofree.php
kMag2/esp/getdoc.php
kMag2/esp/getdocbynum.php
kMag2/esp/getfordoc.php
kMag2/esp/getgiacartix.php
kMag2/esp/getinv.php
kMag2/esp/getinvx.php
kMag2/esp/getpeso.php
kMag2/esp/getrigadoc.php
kMag2/esp/getrigadocx.php
kMag2/esp/getubicazione.php
kMag2/esp/index-pc.php
kMag2/esp/index-pl.php
kMag2/esp/index-util.php
kMag2/esp/index.php
kMag2/esp/invDelCart.php
kMag2/esp/invTable.php
kMag2/esp/invTable_2016.php
kMag2/esp/inv_getqta.php
kMag2/esp/inv_riepilogo.php
kMag2/esp/inv_setqta.php
kMag2/esp/inv_setqta_old.php
kMag2/esp/inv_unlock.php
kMag2/esp/inv_xls.php
kMag2/esp/inventario.php
kMag2/esp/lista.php
kMag2/esp/listaart.php
kMag2/esp/login.php
kMag2/esp/logo.jpg
kMag2/esp/pl-apdImb.php
kMag2/esp/pl-art-write.php
kMag2/esp/pl-banc-size.php
kMag2/esp/pl-banc-write.php
kMag2/esp/pl-banc.php
kMag2/esp/pl-delcolli.php
kMag2/esp/pl-delrow.php
kMag2/esp/pl-edit.php
kMag2/esp/pl-gestcolli.php
kMag2/esp/pl-newBanc.php
kMag2/esp/pl-newCollo.php
kMag2/esp/pl-ready.php
kMag2/esp/pl-ready2.php
kMag2/esp/pl-reset.php
kMag2/esp/pl-resetriga.php
kMag2/esp/pl_01_ask.php
kMag2/esp/pl_02_resp.php
kMag2/esp/pl_03_write.php
kMag2/esp/pl_04_imb.php
kMag2/esp/pl_05_wrImb.php
kMag2/esp/pl_06_selPrt.php
kMag2/esp/pl_07_print.php
kMag2/esp/reprint-banc-select.php
kMag2/esp/reprint-banc.php
kMag2/esp/reprint-pl-select.php
kMag2/esp/reprint-pl.php
kMag2/esp/response-lp.php
kMag2/esp/response-ole.php
kMag2/esp/rigadoc-cancella.php
kMag2/esp/righe-art.php
kMag2/esp/righe-lista.php
kMag2/esp/righe00.php
kMag2/esp/scrivicolli.php
kMag2/esp/select_lib.js
kMag2/esp/setInvWarn.php
kMag2/esp/sparati.php
kMag2/esp/start.php
kMag2/esp/start_rep.php
kMag2/esp/test-date.php
kMag2/esp/testUbicaz.php
kMag2/esp/testa00.php
kMag2/esp/testadoc-cancella.php
kMag2/esp/testadoc-gestione.php
kMag2/esp/testadoc-lista.php
kMag2/esp/testadocfor-lista.php
kMag2/esp/wip.jpg
kMag2/esp/write-lp.php
kMag2/esp/writeetich.php
kMag2/esp/writepick.php
kMag2/esp/writeubicazione.php
kMag2/esp/xml2inv.php
kMag2/esp/xmlinv_base.php
kMag2/esp/_old/
kMag2/esp/_old/_askdelpl.php
kMag2/esp/_old/_askdelrigapl.php
kMag2/esp/_old/askpl.php
kMag2/esp/_old/getCodForx.php
kMag2/esp/_old/getIdDoc.php
kMag2/esp/_old/getInvDetailArt.php
kMag2/esp/_old/getMagax.php
kMag2/esp/_old/getPLdetailReparto.php
kMag2/esp/_old/getPLtoBO.php
kMag2/esp/_old/getPLtotReparto.php
kMag2/esp/_old/getbancfree.php
kMag2/esp/_old/getcodicearti.php
kMag2/esp/_old/getcodiceartix.php
kMag2/esp/_old/getcodiceartix.php.bak
kMag2/esp/_old/getcodiceartixx.php
kMag2/esp/_old/getcollix.php
kMag2/esp/_old/getcollofree.php
kMag2/esp/_old/getdoc.php
kMag2/esp/_old/getfordoc.php
kMag2/esp/_old/getgiacartix.php
kMag2/esp/_old/getgiacartix.php.bak
kMag2/esp/_old/getinv.php
kMag2/esp/_old/getinvx.php
kMag2/esp/_old/getrigadoc.php
kMag2/esp/_old/getrigadocx.php
kMag2/esp/_old/getubicazione.php
kMag2/esp/_old/header2.php
kMag2/esp/_old/odbcsocketserverobj.php
kMag2/esp/_old/odbcsocketserverobj_BAK.php.bak
kMag2/esp/_old/phpinfo.php
kMag2/esp/_old/pl-imb.php
kMag2/esp/_old/pl-imb.php.bak
kMag2/esp/_old/pl-print.php
kMag2/esp/_old/pl-print.php.bak
kMag2/esp/_old/pl-selectprt.php
kMag2/esp/_old/pl-selectprt.php.bak
kMag2/esp/_old/pl-split.php
kMag2/esp/_old/response-pl.php
kMag2/esp/_old/response-pl.php.bak
kMag2/esp/_old/write-imb.php
kMag2/esp/_old/write-imb.php.bak
kMag2/esp/_old/write-pl.php
kMag2/esp/_old/write-pl.php.bak
kMag2/esp/_old/writeuser.php
kMag2/libs/
kMag2/libs/arcaRestAPI.php
kMag2/libs/commonUtils.php
kMag2/libs/odbcSocket/
kMag2/libs/odbcSocket/odbcSocketObj.php
kMag2/libs/odbcSocket/odbcSocketObj_.php
kMag2/models/
kMag2/models/Anagrafe.php
kMag2/models/Article.php
kMag2/models/DocRig.php
kMag2/models/DocTes.php
kMag2/models/PLUtils.php
kMag2/models/PackingList.php
kMag2/rSync/
kMag2/rSync/deploy/
kMag2/rSync/deploy/172.16.9.39/
kMag2/rSync/deploy/172.16.9.39/exclude.txt
kMag2/rSync/deploy/172.16.9.39/sync.sh
kMag2/rSync/deploy/172.16.9.39/log/
kMag2/rSync/deploy/172.16.9.39/log/backup20190502104555.log
kMag2/rSync/deploy/172.16.9.39/log/backup20190502105609.log
kMag2/rSync/deploy/172.16.9.39/log/backup20190502105617.log
kMag2/rSync/deploy/172.16.9.39/log/backup20190502105626.log
kMag2/rSync/deploy/172.16.9.39/log/backup20190502105653.log
kMag2/src/
kMag2/src/_layouts/
kMag2/src/_layouts/footer.php
kMag2/src/_layouts/header.php
kMag2/src/ajaxUtils/
kMag2/src/ajaxUtils/codeArtCheck.php
kMag2/src/artDetail/
kMag2/src/artDetail/01ask.php
kMag2/src/artDetail/02response.php
kMag2/src/menus/
kMag2/src/menus/main.php
kMag2/src/plMake/
kMag2/src/plMake/01_ask.php
kMag2/src/plMake/02_resp.php
kMag2/wip/
kMag2/wip/Thumbs.db
kMag2/wip/UnderCostruction.html
kMag2/wip/favicon.ico
kMag2/wip/images/
kMag2/wip/images/b_home.png
kMag2/wip/images/bg.png
kMag2/wip/images/divider.png
kMag2/wip/images/social.png
kMag2/wip/js/
kMag2/wip/js/Copse_400.font.js
kMag2/wip/js/Gabriola_400.font.js
kMag2/wip/js/cufon-yui.js
kMag2/wip/js/jquery.js
kMag2/wip/tools/
kMag2/wip/tools/960.css
kMag2/wip/tools/sifr.css
kMag2/wip/tools/style.css

sent 6,145,454 bytes  received 6,113 bytes  492,125.36 bytes/sec
total size is 6,114,111  speedup is 0.99
